Using pre-set license
Built from '2020.2/staging' branch; Version is '2020.2.3f1 (8ff31bc5bf5b) revision 9433883'; Using compiler version '192528614'; Build Type 'Release'
OS: 'Windows 10 Home; OS build 19041.867; Version 2004; 64bit' Language: 'de' Physical Memory: 16301 MB
BatchMode: 1, IsHumanControllingUs: 0, StartBugReporterOnCrash: 0, Is64bit: 1, IsPro: 0

 COMMAND LINE ARGUMENTS:
D:\Desktop\Unity\Unity Versions\2020.2.3f1\Editor\Unity.exe
-adb2
-batchMode
-noUpm
-name
AssetImportWorker0
-projectPath
D:/Desktop/SAE/Unity/Bombaway
-logFile
Logs/AssetImportWorker0.log
-srvPort
56930
Successfully changed project path to: D:/Desktop/SAE/Unity/Bombaway
D:/Desktop/SAE/Unity/Bombaway
Using Asset Import Pipeline V2.
Refreshing native plugins compatible for Editor in 49.33 ms, found 0 plugins.
Preloading 0 native plugins for Editor in 0.00 ms.
Initialize engine version: 2020.2.3f1 (8ff31bc5bf5b)
[Subsystems] Discovering subsystems at path D:/Desktop/Unity/Unity Versions/2020.2.3f1/Editor/Data/Resources/UnitySubsystems
[Subsystems] Discovering subsystems at path D:/Desktop/SAE/Unity/Bombaway/Assets
GfxDevice: creating device client; threaded=0
Direct3D:
    Version:  Direct3D 11.0 [level 11.1]
    Renderer: NVIDIA GeForce GTX 1060 6GB (ID=0x1c03)
    Vendor:   
    VRAM:     6052 MB
    Driver:   27.21.14.5751
Shader 'Universal Render Pipeline/Particles/Lit': fallback shader 'Universal Render Pipeline/Particles/SimpleLit' not found
Initialize mono
Mono path[0] = 'D:/Desktop/Unity/Unity Versions/2020.2.3f1/Editor/Data/Managed'
Mono path[1] = 'D:/Desktop/Unity/Unity Versions/2020.2.3f1/Editor/Data/MonoBleedingEdge/lib/mono/unityjit'
Mono config path = 'D:/Desktop/Unity/Unity Versions/2020.2.3f1/Editor/Data/MonoBleedingEdge/etc'
Using monoOptions --debugger-agent=transport=dt_socket,embedding=1,server=y,suspend=n,address=127.0.0.1:56484
Begin MonoManager ReloadAssembly
Registering precompiled unity dll's ...
Register platform support module: D:/Desktop/Unity/Unity Versions/2020.2.3f1/Editor/Data/PlaybackEngines/WebGLSupport/UnityEditor.WebGL.Extensions.dll
Register platform support module: D:/Desktop/Unity/Unity Versions/2020.2.3f1/Editor/Data/PlaybackEngines/WindowsStandaloneSupport/UnityEditor.WindowsStandalone.Extensions.dll
Registered in 0.001136 seconds.
Native extension for WindowsStandalone target not found
Native extension for WebGL target not found
Refreshing native plugins compatible for Editor in 47.66 ms, found 0 plugins.
Preloading 0 native plugins for Editor in 0.00 ms.
Invoked RoslynAnalysisRunner static constructor.
RoslynAnalysisRunner will not be running.
RoslynAnalysisRunner has terminated.
Mono: successfully reloaded assembly
- Completed reload, in  1.900 seconds
Platform modules already initialized, skipping
Registering precompiled user dll's ...
Registered in 0.001914 seconds.
Begin MonoManager ReloadAssembly
Native extension for WindowsStandalone target not found
Native extension for WebGL target not found
Refreshing native plugins compatible for Editor in 48.36 ms, found 0 plugins.
Preloading 0 native plugins for Editor in 0.00 ms.
Invoked RoslynAnalysisRunner static constructor.
RoslynAnalysisRunner will not be running.
RoslynAnalysisRunner has terminated.
Mono: successfully reloaded assembly
- Completed reload, in  0.901 seconds
Platform modules already initialized, skipping
========================================================================
Worker process is ready to serve import requests
Shader 'Universal Render Pipeline/Particles/Lit': fallback shader 'Universal Render Pipeline/Particles/SimpleLit' not found
Launched and connected shader compiler UnityShaderCompiler.exe after 0.04 seconds
Refreshing native plugins compatible for Editor in 0.55 ms, found 0 plugins.
Preloading 0 native plugins for Editor in 0.00 ms.
Unloading 2933 Unused Serialized files (Serialized files now loaded: 0)
System memory in use before: 131.9 MB.
System memory in use after: 132.1 MB.

Unloading 34 unused Assets to reduce memory usage. Loaded Objects now: 3358.
Total: 3.217200 ms (FindLiveObjects: 0.618600 ms CreateObjectMapping: 0.377400 ms MarkObjects: 2.153600 ms  DeleteObjects: 0.065800 ms)

========================================================================
Received Import Request.
  path: Assets/2DRenderer.asset
  artifactKey: Guid(98e2619015c9d9f4bba6a0535df86e23) Importer(815301076,1909f56bfc062723c751e8b465ee728b)
Start importing Assets/2DRenderer.asset using Guid(98e2619015c9d9f4bba6a0535df86e23) Importer(815301076,1909f56bfc062723c751e8b465ee728b)  -> (artifact id: '0e9a8e0eb481577aa738d0ac96142db0') in 0.093693 seconds
  Import took 0.097696 seconds .

========================================================================
Received Import Request.
  Time since last request: 0.000237 seconds.
  path: Assets/LWRP.asset
  artifactKey: Guid(a4898a3ac1cd9dc45869399359c30007) Importer(815301076,1909f56bfc062723c751e8b465ee728b)
Start importing Assets/LWRP.asset using Guid(a4898a3ac1cd9dc45869399359c30007) Importer(815301076,1909f56bfc062723c751e8b465ee728b)  -> (artifact id: 'edb89b9bc4eaeb582b1a141430a0f499') in 0.004370 seconds
  Import took 0.008213 seconds .

========================================================================
Received Import Request.
  Time since last request: 6.111183 seconds.
  path: Assets/Material/Background.mat
  artifactKey: Guid(9ea9b187758a7144d93c8192217e3038) Importer(815301076,1909f56bfc062723c751e8b465ee728b)
Start importing Assets/Material/Background.mat using Guid(9ea9b187758a7144d93c8192217e3038) Importer(815301076,1909f56bfc062723c751e8b465ee728b)  -> (artifact id: '9776cce09d63f20dab9e8dfc2db51bf9') in 0.538721 seconds
  Import took 0.542820 seconds .

========================================================================
Received Import Request.
  Time since last request: 0.000171 seconds.
  path: Assets/Material/GoblinMat.mat
  artifactKey: Guid(b1801e43b455f5c438b54698dba8a0cd) Importer(815301076,1909f56bfc062723c751e8b465ee728b)
Start importing Assets/Material/GoblinMat.mat using Guid(b1801e43b455f5c438b54698dba8a0cd) Importer(815301076,1909f56bfc062723c751e8b465ee728b)  -> (artifact id: '81ae8ff05af9d6fd3227a0deb4c7a017') in 0.027171 seconds
  Import took 0.030724 seconds .

========================================================================
Received Import Request.
  Time since last request: 0.000140 seconds.
  path: Assets/Material/Granpa.mat
  artifactKey: Guid(eb75155323703b64f99bc116631ec89d) Importer(815301076,1909f56bfc062723c751e8b465ee728b)
Start importing Assets/Material/Granpa.mat using Guid(eb75155323703b64f99bc116631ec89d) Importer(815301076,1909f56bfc062723c751e8b465ee728b)  -> (artifact id: 'cd4ebc2232ff357c8b8cea9d21cec956') in 0.024595 seconds
  Import took 0.028235 seconds .

========================================================================
Received Import Request.
  Time since last request: 0.000143 seconds.
  path: Assets/Material/Explosion.mat
  artifactKey: Guid(b1255e6f6d5158c4a8f7c10ddb586fce) Importer(815301076,1909f56bfc062723c751e8b465ee728b)
Start importing Assets/Material/Explosion.mat using Guid(b1255e6f6d5158c4a8f7c10ddb586fce) Importer(815301076,1909f56bfc062723c751e8b465ee728b)  -> (artifact id: 'd7316958be2a6cd900687318ec1008db') in 0.054561 seconds
  Import took 0.058221 seconds .

========================================================================
Received Import Request.
  Time since last request: 0.000147 seconds.
  path: Assets/Material/Granpa2.mat
  artifactKey: Guid(86ef9fc9550151648878fdcf32bd4ca9) Importer(815301076,1909f56bfc062723c751e8b465ee728b)
Start importing Assets/Material/Granpa2.mat using Guid(86ef9fc9550151648878fdcf32bd4ca9) Importer(815301076,1909f56bfc062723c751e8b465ee728b)  -> (artifact id: 'a715af2fe5a7de53e326adac7590fd82') in 0.049816 seconds
  Import took 0.053628 seconds .

========================================================================
Received Import Request.
  Time since last request: 6.271617 seconds.
  path: Assets/Sprites/background.png
  artifactKey: Guid(b3d3ad396f46ccb488165b4b406c3659) Importer(815301076,1909f56bfc062723c751e8b465ee728b)
Start importing Assets/Sprites/background.png using Guid(b3d3ad396f46ccb488165b4b406c3659) Importer(815301076,1909f56bfc062723c751e8b465ee728b)  -> (artifact id: '8bbbadc8f6c2fa7027c3de9d3b685690') in 0.090458 seconds
  Import took 0.094623 seconds .

========================================================================
Received Import Request.
  Time since last request: 0.000192 seconds.
  path: Assets/Sprites/bombBase.svg
  artifactKey: Guid(ca94b568945d2c143a032d41a896efaf) Importer(815301076,1909f56bfc062723c751e8b465ee728b)
Start importing Assets/Sprites/bombBase.svg using Guid(ca94b568945d2c143a032d41a896efaf) Importer(815301076,1909f56bfc062723c751e8b465ee728b)  -> (artifact id: 'f29b4beed4239a8f55e909107236dd53') in 0.119206 seconds
  Import took 0.123026 seconds .

========================================================================
Received Import Request.
  Time since last request: 0.000141 seconds.
  path: Assets/Sprites/goblinIcon.png
  artifactKey: Guid(03e76e0a13aa72e4cb46fa0c48c32ce0) Importer(815301076,1909f56bfc062723c751e8b465ee728b)
Start importing Assets/Sprites/goblinIcon.png using Guid(03e76e0a13aa72e4cb46fa0c48c32ce0) Importer(815301076,1909f56bfc062723c751e8b465ee728b)  -> (artifact id: '95d8bcde2f3695cab3d8529364bcc3a2') in 0.030337 seconds
  Import took 0.034074 seconds .

========================================================================
Received Import Request.
  Time since last request: 0.000195 seconds.
  path: Assets/Sprites/goblin.svg
  artifactKey: Guid(ed060754d3d37db43a006d4a786c2d15) Importer(815301076,1909f56bfc062723c751e8b465ee728b)
Start importing Assets/Sprites/goblin.svg using Guid(ed060754d3d37db43a006d4a786c2d15) Importer(815301076,1909f56bfc062723c751e8b465ee728b)  -> (artifact id: '97c5181e4007bd18d1130066890b6495') in 0.029226 seconds
  Import took 0.033148 seconds .

========================================================================
Received Import Request.
  Time since last request: 0.000150 seconds.
  path: Assets/Sprites/background_normal.png
  artifactKey: Guid(4eee1b9c4c14da44ab59effc9fcc2220) Importer(815301076,1909f56bfc062723c751e8b465ee728b)
Start importing Assets/Sprites/background_normal.png using Guid(4eee1b9c4c14da44ab59effc9fcc2220) Importer(815301076,1909f56bfc062723c751e8b465ee728b)  -> (artifact id: '52ae29def656d6c622664c904c49592b') in 0.027674 seconds
  Import took 0.031511 seconds .

========================================================================
Received Import Request.
  Time since last request: 0.000166 seconds.
  path: Assets/Sprites/bombIcon.png
  artifactKey: Guid(2ef778200bd17f3469ba8165d4d9ed03) Importer(815301076,1909f56bfc062723c751e8b465ee728b)
Start importing Assets/Sprites/bombIcon.png using Guid(2ef778200bd17f3469ba8165d4d9ed03) Importer(815301076,1909f56bfc062723c751e8b465ee728b)  -> (artifact id: '57b5d4c1faec19161e666b8ca01e4dd4') in 0.028005 seconds
  Import took 0.033362 seconds .

========================================================================
Received Import Request.
  Time since last request: 0.000231 seconds.
  path: Assets/Sprites/mouths.png
  artifactKey: Guid(1f12b4d609c9b174fa948a710a813dce) Importer(815301076,1909f56bfc062723c751e8b465ee728b)
Start importing Assets/Sprites/mouths.png using Guid(1f12b4d609c9b174fa948a710a813dce) Importer(815301076,1909f56bfc062723c751e8b465ee728b)  -> (artifact id: 'db510070d52fa6f0cac9bdb19c0805b1') in 0.033219 seconds
  Import took 0.036931 seconds .

========================================================================
Received Import Request.
  Time since last request: 0.000235 seconds.
  path: Assets/Sprites/solid.png
  artifactKey: Guid(02ab4a289bfb3454dae62a9f386c3bc4) Importer(815301076,1909f56bfc062723c751e8b465ee728b)
Start importing Assets/Sprites/solid.png using Guid(02ab4a289bfb3454dae62a9f386c3bc4) Importer(815301076,1909f56bfc062723c751e8b465ee728b)  -> (artifact id: '0ea9ab9a1c64fdf9de685e646d20c237') in 0.026976 seconds
  Import took 0.031091 seconds .

========================================================================
Received Import Request.
  Time since last request: 0.000208 seconds.
  path: Assets/Sprites/destructedShelf.png
  artifactKey: Guid(6b38d54af4a6e984498520f4da1b5cc7) Importer(815301076,1909f56bfc062723c751e8b465ee728b)
Start importing Assets/Sprites/destructedShelf.png using Guid(6b38d54af4a6e984498520f4da1b5cc7) Importer(815301076,1909f56bfc062723c751e8b465ee728b)  -> (artifact id: '5bdb1a2ba62b6bec474285cfc86f27b6') in 0.031672 seconds
  Import took 0.035793 seconds .

========================================================================
Received Import Request.
  Time since last request: 0.000191 seconds.
  path: Assets/Sprites/granpa.svg
  artifactKey: Guid(1d3066adafe82a8428e8079d674ceb46) Importer(815301076,1909f56bfc062723c751e8b465ee728b)
Start importing Assets/Sprites/granpa.svg using Guid(1d3066adafe82a8428e8079d674ceb46) Importer(815301076,1909f56bfc062723c751e8b465ee728b)  -> (artifact id: '0757c7b998e44beaa0023964d7f6f550') in 0.029287 seconds
  Import took 0.033391 seconds .

========================================================================
Received Import Request.
  Time since last request: 0.000157 seconds.
  path: Assets/Sprites/bombTop.svg
  artifactKey: Guid(7b62b76831fb24347a94d12b38561744) Importer(815301076,1909f56bfc062723c751e8b465ee728b)
Start importing Assets/Sprites/bombTop.svg using Guid(7b62b76831fb24347a94d12b38561744) Importer(815301076,1909f56bfc062723c751e8b465ee728b)  -> (artifact id: '9d9e0bb909bc7da0ec36cc89cb5ea688') in 0.029339 seconds
  Import took 0.033204 seconds .

========================================================================
Received Import Request.
  Time since last request: 0.000182 seconds.
  path: Assets/Sprites/shelf.svg
  artifactKey: Guid(ebe140b3d7dde44468f325a36a286b5c) Importer(815301076,1909f56bfc062723c751e8b465ee728b)
Start importing Assets/Sprites/shelf.svg using Guid(ebe140b3d7dde44468f325a36a286b5c) Importer(815301076,1909f56bfc062723c751e8b465ee728b)  -> (artifact id: '012c66ac08c21e8dd5813a71e359e5e7') in 0.029642 seconds
  Import took 0.033278 seconds .

========================================================================
Received Import Request.
  Time since last request: 5.453850 seconds.
  path: Assets/Scenes/Tutorial.unity
  artifactKey: Guid(f2f373307fbd0f644ae50e4cf75d1742) Importer(815301076,1909f56bfc062723c751e8b465ee728b)
Start importing Assets/Scenes/Tutorial.unity using Guid(f2f373307fbd0f644ae50e4cf75d1742) Importer(815301076,1909f56bfc062723c751e8b465ee728b)  -> (artifact id: '1f38b967e738c0a096646f186cf09d2b') in 0.020364 seconds
  Import took 0.024807 seconds .

========================================================================
Received Import Request.
  Time since last request: 0.028187 seconds.
  path: Assets/Scenes/Tutorial.unity
  artifactKey: Guid(f2f373307fbd0f644ae50e4cf75d1742) Importer(815301076,1909f56bfc062723c751e8b465ee728b)
Start importing Assets/Scenes/Tutorial.unity using Guid(f2f373307fbd0f644ae50e4cf75d1742) Importer(815301076,1909f56bfc062723c751e8b465ee728b)  -> (artifact id: '1f38b967e738c0a096646f186cf09d2b') in 0.020322 seconds
  Import took 0.025219 seconds .

========================================================================
Received Import Request.
  Time since last request: 1.281381 seconds.
  path: Assets/Scenes/StartScene.unity
  artifactKey: Guid(62c4ce316d3fa8a45b813c7d0f3ff547) Importer(815301076,1909f56bfc062723c751e8b465ee728b)
Start importing Assets/Scenes/StartScene.unity using Guid(62c4ce316d3fa8a45b813c7d0f3ff547) Importer(815301076,1909f56bfc062723c751e8b465ee728b)  -> (artifact id: 'd0090744a3b8c5f3302b8313de1a66ac') in 0.021902 seconds
  Import took 0.025849 seconds .

========================================================================
Received Prepare
Registering precompiled user dll's ...
Registered in 0.001814 seconds.
Begin MonoManager ReloadAssembly
Native extension for WindowsStandalone target not found
Native extension for WebGL target not found
Refreshing native plugins compatible for Editor in 0.55 ms, found 0 plugins.
Preloading 0 native plugins for Editor in 0.00 ms.
Invoked RoslynAnalysisRunner static constructor.
RoslynAnalysisRunner will not be running.
RoslynAnalysisRunner has terminated.
Mono: successfully reloaded assembly
- Completed reload, in  0.850 seconds
Platform modules already initialized, skipping
Shader 'Universal Render Pipeline/Particles/Lit': fallback shader 'Universal Render Pipeline/Particles/SimpleLit' not found
Refreshing native plugins compatible for Editor in 0.55 ms, found 0 plugins.
Preloading 0 native plugins for Editor in 0.00 ms.
Unloading 2783 Unused Serialized files (Serialized files now loaded: 0)
System memory in use before: 128.3 MB.
System memory in use after: 128.5 MB.

Unloading 26 unused Assets to reduce memory usage. Loaded Objects now: 3464.
Total: 2.224300 ms (FindLiveObjects: 0.276400 ms CreateObjectMapping: 0.138800 ms MarkObjects: 1.757900 ms  DeleteObjects: 0.050000 ms)

========================================================================
Received Prepare
Registering precompiled user dll's ...
Registered in 0.001828 seconds.
Begin MonoManager ReloadAssembly
Native extension for WindowsStandalone target not found
Native extension for WebGL target not found
Refreshing native plugins compatible for Editor in 0.57 ms, found 0 plugins.
Preloading 0 native plugins for Editor in 0.00 ms.
Invoked RoslynAnalysisRunner static constructor.
RoslynAnalysisRunner will not be running.
RoslynAnalysisRunner has terminated.
Mono: successfully reloaded assembly
- Completed reload, in  0.891 seconds
Platform modules already initialized, skipping
Shader 'Universal Render Pipeline/Particles/Lit': fallback shader 'Universal Render Pipeline/Particles/SimpleLit' not found
Refreshing native plugins compatible for Editor in 0.56 ms, found 0 plugins.
Preloading 0 native plugins for Editor in 0.00 ms.
Unloading 2781 Unused Serialized files (Serialized files now loaded: 0)
System memory in use before: 128.3 MB.
System memory in use after: 128.5 MB.

Unloading 25 unused Assets to reduce memory usage. Loaded Objects now: 3466.
Total: 2.705900 ms (FindLiveObjects: 0.338600 ms CreateObjectMapping: 0.140300 ms MarkObjects: 2.194300 ms  DeleteObjects: 0.031000 ms)

========================================================================
Received Import Request.
  Time since last request: 484.381223 seconds.
  path: Assets/Scripts/Bomb.cs
  artifactKey: Guid(4b6b28f34fa6da848ab112e015df9d8f) Importer(815301076,1909f56bfc062723c751e8b465ee728b)
Start importing Assets/Scripts/Bomb.cs using Guid(4b6b28f34fa6da848ab112e015df9d8f) Importer(815301076,1909f56bfc062723c751e8b465ee728b)  -> (artifact id: '1026f9fa8337f35856d990ef76136249') in 0.012741 seconds
  Import took 0.016801 seconds .

========================================================================
Received Import Request.
  Time since last request: 0.014298 seconds.
  path: Assets/Scripts/Bomb.cs
  artifactKey: Guid(4b6b28f34fa6da848ab112e015df9d8f) Importer(815301076,1909f56bfc062723c751e8b465ee728b)
Start importing Assets/Scripts/Bomb.cs using Guid(4b6b28f34fa6da848ab112e015df9d8f) Importer(815301076,1909f56bfc062723c751e8b465ee728b)  -> (artifact id: '1026f9fa8337f35856d990ef76136249') in 0.003203 seconds
  Import took 0.007638 seconds .

========================================================================
Received Import Request.
  Time since last request: 0.286891 seconds.
  path: Assets/Scripts/BombsAndGoblinsTracker.cs
  artifactKey: Guid(4c3580645e8717f43bf0c2e062c9aec3) Importer(815301076,1909f56bfc062723c751e8b465ee728b)
Start importing Assets/Scripts/BombsAndGoblinsTracker.cs using Guid(4c3580645e8717f43bf0c2e062c9aec3) Importer(815301076,1909f56bfc062723c751e8b465ee728b)  -> (artifact id: '7c542443e496d44380f9d5f138bc54bc') in 0.020707 seconds
  Import took 0.024712 seconds .

========================================================================
Received Import Request.
  Time since last request: 0.372809 seconds.
  path: Assets/Scripts/ButtonBlock.cs
  artifactKey: Guid(00bf1bccddf07ce42891a10a3af34ee4) Importer(815301076,1909f56bfc062723c751e8b465ee728b)
Start importing Assets/Scripts/ButtonBlock.cs using Guid(00bf1bccddf07ce42891a10a3af34ee4) Importer(815301076,1909f56bfc062723c751e8b465ee728b)  -> (artifact id: '6c27bca62adf510ebeeaa2ea7c2f4eb1') in 0.020689 seconds
  Import took 0.025048 seconds .

========================================================================
Received Import Request.
  Time since last request: 4.848736 seconds.
  path: Assets/Scripts/Destructable.cs
  artifactKey: Guid(38bfa59834e36e04db1dfffa6ff68ba8) Importer(815301076,1909f56bfc062723c751e8b465ee728b)
Start importing Assets/Scripts/Destructable.cs using Guid(38bfa59834e36e04db1dfffa6ff68ba8) Importer(815301076,1909f56bfc062723c751e8b465ee728b)  -> (artifact id: '03d5141daf3a1930c72270504dd18328') in 0.020535 seconds
  Import took 0.024413 seconds .

========================================================================
Received Import Request.
  Time since last request: 1.329606 seconds.
  path: Assets/Scripts/Goblin.cs
  artifactKey: Guid(db2c16f9de39f2942a7a73ef4fa4b572) Importer(815301076,1909f56bfc062723c751e8b465ee728b)
Start importing Assets/Scripts/Goblin.cs using Guid(db2c16f9de39f2942a7a73ef4fa4b572) Importer(815301076,1909f56bfc062723c751e8b465ee728b)  -> (artifact id: 'd49eec51dcc81290cde877110f67a223') in 0.021103 seconds
  Import took 0.025036 seconds .

========================================================================
Received Prepare
Registering precompiled user dll's ...
Registered in 0.002255 seconds.
Begin MonoManager ReloadAssembly
Native extension for WindowsStandalone target not found
Native extension for WebGL target not found
Refreshing native plugins compatible for Editor in 0.76 ms, found 0 plugins.
Preloading 0 native plugins for Editor in 0.00 ms.
Invoked RoslynAnalysisRunner static constructor.
RoslynAnalysisRunner will not be running.
RoslynAnalysisRunner has terminated.
Mono: successfully reloaded assembly
- Completed reload, in  1.017 seconds
Platform modules already initialized, skipping
Shader 'Universal Render Pipeline/Particles/Lit': fallback shader 'Universal Render Pipeline/Particles/SimpleLit' not found
Refreshing native plugins compatible for Editor in 1.03 ms, found 0 plugins.
Preloading 0 native plugins for Editor in 0.00 ms.
Unloading 2781 Unused Serialized files (Serialized files now loaded: 0)
System memory in use before: 128.3 MB.
System memory in use after: 128.6 MB.

Unloading 25 unused Assets to reduce memory usage. Loaded Objects now: 3468.
Total: 3.566000 ms (FindLiveObjects: 0.692900 ms CreateObjectMapping: 0.243600 ms MarkObjects: 2.602400 ms  DeleteObjects: 0.025700 ms)

========================================================================
Received Import Request.
  Time since last request: 14.753361 seconds.
  path: Assets/Scripts/PickupHandler.cs
  artifactKey: Guid(f868c15ab29896e429e3d61eefbaf2b2) Importer(815301076,1909f56bfc062723c751e8b465ee728b)
Start importing Assets/Scripts/PickupHandler.cs using Guid(f868c15ab29896e429e3d61eefbaf2b2) Importer(815301076,1909f56bfc062723c751e8b465ee728b)  -> (artifact id: '6b0a591dab7fbd3b4e9637e3de35e215') in 0.024695 seconds
  Import took 0.030039 seconds .

========================================================================
Received Prepare
Registering precompiled user dll's ...
Registered in 0.001923 seconds.
Begin MonoManager ReloadAssembly
Native extension for WindowsStandalone target not found
Native extension for WebGL target not found
Refreshing native plugins compatible for Editor in 0.55 ms, found 0 plugins.
Preloading 0 native plugins for Editor in 0.00 ms.
Invoked RoslynAnalysisRunner static constructor.
RoslynAnalysisRunner will not be running.
RoslynAnalysisRunner has terminated.
Mono: successfully reloaded assembly
- Completed reload, in  0.797 seconds
Platform modules already initialized, skipping
Shader 'Universal Render Pipeline/Particles/Lit': fallback shader 'Universal Render Pipeline/Particles/SimpleLit' not found
Refreshing native plugins compatible for Editor in 0.53 ms, found 0 plugins.
Preloading 0 native plugins for Editor in 0.00 ms.
Unloading 2781 Unused Serialized files (Serialized files now loaded: 0)
System memory in use before: 128.4 MB.
System memory in use after: 128.6 MB.

Unloading 25 unused Assets to reduce memory usage. Loaded Objects now: 3470.
Total: 2.052500 ms (FindLiveObjects: 0.259800 ms CreateObjectMapping: 0.116700 ms MarkObjects: 1.655900 ms  DeleteObjects: 0.019000 ms)

========================================================================
Received Prepare
Registering precompiled user dll's ...
Registered in 0.002004 seconds.
Begin MonoManager ReloadAssembly
Native extension for WindowsStandalone target not found
Native extension for WebGL target not found
Refreshing native plugins compatible for Editor in 0.54 ms, found 0 plugins.
Preloading 0 native plugins for Editor in 0.00 ms.
Invoked RoslynAnalysisRunner static constructor.
RoslynAnalysisRunner will not be running.
RoslynAnalysisRunner has terminated.
Mono: successfully reloaded assembly
- Completed reload, in  0.854 seconds
Platform modules already initialized, skipping
Shader 'Universal Render Pipeline/Particles/Lit': fallback shader 'Universal Render Pipeline/Particles/SimpleLit' not found
Refreshing native plugins compatible for Editor in 0.59 ms, found 0 plugins.
Preloading 0 native plugins for Editor in 0.00 ms.
Unloading 2781 Unused Serialized files (Serialized files now loaded: 0)
System memory in use before: 128.4 MB.
System memory in use after: 128.6 MB.

Unloading 25 unused Assets to reduce memory usage. Loaded Objects now: 3472.
Total: 2.398600 ms (FindLiveObjects: 0.284400 ms CreateObjectMapping: 0.141400 ms MarkObjects: 1.948900 ms  DeleteObjects: 0.023000 ms)

========================================================================
Received Prepare
Registering precompiled user dll's ...
Registered in 0.001918 seconds.
Begin MonoManager ReloadAssembly
Native extension for WindowsStandalone target not found
Native extension for WebGL target not found
Refreshing native plugins compatible for Editor in 0.55 ms, found 0 plugins.
Preloading 0 native plugins for Editor in 0.00 ms.
Invoked RoslynAnalysisRunner static constructor.
RoslynAnalysisRunner will not be running.
RoslynAnalysisRunner has terminated.
Mono: successfully reloaded assembly
- Completed reload, in  0.872 seconds
Platform modules already initialized, skipping
Shader 'Universal Render Pipeline/Particles/Lit': fallback shader 'Universal Render Pipeline/Particles/SimpleLit' not found
Refreshing native plugins compatible for Editor in 0.56 ms, found 0 plugins.
Preloading 0 native plugins for Editor in 0.00 ms.
Unloading 2781 Unused Serialized files (Serialized files now loaded: 0)
System memory in use before: 128.4 MB.
System memory in use after: 128.6 MB.

Unloading 25 unused Assets to reduce memory usage. Loaded Objects now: 3474.
Total: 2.139000 ms (FindLiveObjects: 0.267000 ms CreateObjectMapping: 0.124100 ms MarkObjects: 1.727400 ms  DeleteObjects: 0.019400 ms)

========================================================================
Received Prepare
Registering precompiled user dll's ...
Registered in 0.001872 seconds.
Begin MonoManager ReloadAssembly
Native extension for WindowsStandalone target not found
Native extension for WebGL target not found
Refreshing native plugins compatible for Editor in 0.54 ms, found 0 plugins.
Preloading 0 native plugins for Editor in 0.00 ms.
Invoked RoslynAnalysisRunner static constructor.
RoslynAnalysisRunner will not be running.
RoslynAnalysisRunner has terminated.
Mono: successfully reloaded assembly
- Completed reload, in  0.806 seconds
Platform modules already initialized, skipping
Shader 'Universal Render Pipeline/Particles/Lit': fallback shader 'Universal Render Pipeline/Particles/SimpleLit' not found
Refreshing native plugins compatible for Editor in 0.55 ms, found 0 plugins.
Preloading 0 native plugins for Editor in 0.00 ms.
Unloading 2781 Unused Serialized files (Serialized files now loaded: 0)
System memory in use before: 128.4 MB.
System memory in use after: 128.6 MB.

Unloading 25 unused Assets to reduce memory usage. Loaded Objects now: 3476.
Total: 2.623400 ms (FindLiveObjects: 0.427600 ms CreateObjectMapping: 0.185200 ms MarkObjects: 1.969300 ms  DeleteObjects: 0.039800 ms)

========================================================================
Received Prepare
Registering precompiled user dll's ...
Registered in 0.002973 seconds.
Begin MonoManager ReloadAssembly
Native extension for WindowsStandalone target not found
Native extension for WebGL target not found
Refreshing native plugins compatible for Editor in 0.72 ms, found 0 plugins.
Preloading 0 native plugins for Editor in 0.00 ms.
Invoked RoslynAnalysisRunner static constructor.
RoslynAnalysisRunner will not be running.
RoslynAnalysisRunner has terminated.
Mono: successfully reloaded assembly
- Completed reload, in  0.948 seconds
Platform modules already initialized, skipping
Shader 'Universal Render Pipeline/Particles/Lit': fallback shader 'Universal Render Pipeline/Particles/SimpleLit' not found
Refreshing native plugins compatible for Editor in 0.66 ms, found 0 plugins.
Preloading 0 native plugins for Editor in 0.00 ms.
Unloading 2781 Unused Serialized files (Serialized files now loaded: 0)
System memory in use before: 128.4 MB.
System memory in use after: 128.6 MB.

Unloading 25 unused Assets to reduce memory usage. Loaded Objects now: 3478.
Total: 2.830900 ms (FindLiveObjects: 0.340300 ms CreateObjectMapping: 0.194000 ms MarkObjects: 2.275900 ms  DeleteObjects: 0.019500 ms)

========================================================================
Received Prepare
Registering precompiled user dll's ...
Registered in 0.001830 seconds.
Begin MonoManager ReloadAssembly
Native extension for WindowsStandalone target not found
Native extension for WebGL target not found
Refreshing native plugins compatible for Editor in 0.55 ms, found 0 plugins.
Preloading 0 native plugins for Editor in 0.00 ms.
Invoked RoslynAnalysisRunner static constructor.
RoslynAnalysisRunner will not be running.
RoslynAnalysisRunner has terminated.
Mono: successfully reloaded assembly
- Completed reload, in  0.807 seconds
Platform modules already initialized, skipping
Shader 'Universal Render Pipeline/Particles/Lit': fallback shader 'Universal Render Pipeline/Particles/SimpleLit' not found
Refreshing native plugins compatible for Editor in 0.64 ms, found 0 plugins.
Preloading 0 native plugins for Editor in 0.00 ms.
Unloading 2781 Unused Serialized files (Serialized files now loaded: 0)
System memory in use before: 128.4 MB.
System memory in use after: 128.6 MB.

Unloading 25 unused Assets to reduce memory usage. Loaded Objects now: 3480.
Total: 2.325800 ms (FindLiveObjects: 0.268100 ms CreateObjectMapping: 0.135800 ms MarkObjects: 1.901600 ms  DeleteObjects: 0.019400 ms)

========================================================================
Received Prepare
Registering precompiled user dll's ...
Registered in 0.001800 seconds.
Begin MonoManager ReloadAssembly
Native extension for WindowsStandalone target not found
Native extension for WebGL target not found
Refreshing native plugins compatible for Editor in 0.50 ms, found 0 plugins.
Preloading 0 native plugins for Editor in 0.00 ms.
Invoked RoslynAnalysisRunner static constructor.
RoslynAnalysisRunner will not be running.
RoslynAnalysisRunner has terminated.
Mono: successfully reloaded assembly
- Completed reload, in  0.808 seconds
Platform modules already initialized, skipping
Shader 'Universal Render Pipeline/Particles/Lit': fallback shader 'Universal Render Pipeline/Particles/SimpleLit' not found
Refreshing native plugins compatible for Editor in 0.54 ms, found 0 plugins.
Preloading 0 native plugins for Editor in 0.00 ms.
Unloading 2781 Unused Serialized files (Serialized files now loaded: 0)
System memory in use before: 128.4 MB.
System memory in use after: 128.6 MB.

Unloading 25 unused Assets to reduce memory usage. Loaded Objects now: 3482.
Total: 2.686700 ms (FindLiveObjects: 0.295200 ms CreateObjectMapping: 0.160600 ms MarkObjects: 2.208400 ms  DeleteObjects: 0.021600 ms)

========================================================================
Received Prepare
Registering precompiled user dll's ...
Registered in 0.001874 seconds.
Begin MonoManager ReloadAssembly
Native extension for WindowsStandalone target not found
Native extension for WebGL target not found
Refreshing native plugins compatible for Editor in 0.66 ms, found 0 plugins.
Preloading 0 native plugins for Editor in 0.00 ms.
Invoked RoslynAnalysisRunner static constructor.
RoslynAnalysisRunner will not be running.
RoslynAnalysisRunner has terminated.
Mono: successfully reloaded assembly
- Completed reload, in  0.900 seconds
Platform modules already initialized, skipping
Shader 'Universal Render Pipeline/Particles/Lit': fallback shader 'Universal Render Pipeline/Particles/SimpleLit' not found
Refreshing native plugins compatible for Editor in 0.55 ms, found 0 plugins.
Preloading 0 native plugins for Editor in 0.00 ms.
Unloading 2781 Unused Serialized files (Serialized files now loaded: 0)
System memory in use before: 128.4 MB.
System memory in use after: 128.6 MB.

Unloading 25 unused Assets to reduce memory usage. Loaded Objects now: 3484.
Total: 2.342400 ms (FindLiveObjects: 0.325600 ms CreateObjectMapping: 0.162000 ms MarkObjects: 1.834900 ms  DeleteObjects: 0.018900 ms)

========================================================================
Received Prepare
Registering precompiled user dll's ...
Registered in 0.001924 seconds.
Begin MonoManager ReloadAssembly
Native extension for WindowsStandalone target not found
Native extension for WebGL target not found
Refreshing native plugins compatible for Editor in 0.55 ms, found 0 plugins.
Preloading 0 native plugins for Editor in 0.00 ms.
Invoked RoslynAnalysisRunner static constructor.
RoslynAnalysisRunner will not be running.
RoslynAnalysisRunner has terminated.
Mono: successfully reloaded assembly
- Completed reload, in  0.791 seconds
Platform modules already initialized, skipping
Shader 'Universal Render Pipeline/Particles/Lit': fallback shader 'Universal Render Pipeline/Particles/SimpleLit' not found
Refreshing native plugins compatible for Editor in 0.58 ms, found 0 plugins.
Preloading 0 native plugins for Editor in 0.00 ms.
Unloading 2781 Unused Serialized files (Serialized files now loaded: 0)
System memory in use before: 128.4 MB.
System memory in use after: 128.6 MB.

Unloading 25 unused Assets to reduce memory usage. Loaded Objects now: 3486.
Total: 2.446700 ms (FindLiveObjects: 0.335900 ms CreateObjectMapping: 0.170100 ms MarkObjects: 1.920200 ms  DeleteObjects: 0.019700 ms)

========================================================================
Received Prepare
Registering precompiled user dll's ...
Registered in 0.001868 seconds.
Begin MonoManager ReloadAssembly
Native extension for WindowsStandalone target not found
Native extension for WebGL target not found
Refreshing native plugins compatible for Editor in 0.55 ms, found 0 plugins.
Preloading 0 native plugins for Editor in 0.00 ms.
Invoked RoslynAnalysisRunner static constructor.
RoslynAnalysisRunner will not be running.
RoslynAnalysisRunner has terminated.
Mono: successfully reloaded assembly
- Completed reload, in  0.830 seconds
Platform modules already initialized, skipping
Shader 'Universal Render Pipeline/Particles/Lit': fallback shader 'Universal Render Pipeline/Particles/SimpleLit' not found
Refreshing native plugins compatible for Editor in 0.57 ms, found 0 plugins.
Preloading 0 native plugins for Editor in 0.00 ms.
Unloading 2781 Unused Serialized files (Serialized files now loaded: 0)
System memory in use before: 128.4 MB.
System memory in use after: 128.7 MB.

Unloading 25 unused Assets to reduce memory usage. Loaded Objects now: 3488.
Total: 2.442200 ms (FindLiveObjects: 0.290500 ms CreateObjectMapping: 0.143400 ms MarkObjects: 1.986200 ms  DeleteObjects: 0.021000 ms)

========================================================================
Received Prepare
Registering precompiled user dll's ...
Registered in 0.001850 seconds.
Begin MonoManager ReloadAssembly
Native extension for WindowsStandalone target not found
Native extension for WebGL target not found
Refreshing native plugins compatible for Editor in 0.55 ms, found 0 plugins.
Preloading 0 native plugins for Editor in 0.00 ms.
Invoked RoslynAnalysisRunner static constructor.
RoslynAnalysisRunner will not be running.
RoslynAnalysisRunner has terminated.
Mono: successfully reloaded assembly
- Completed reload, in  0.808 seconds
Platform modules already initialized, skipping
Shader 'Universal Render Pipeline/Particles/Lit': fallback shader 'Universal Render Pipeline/Particles/SimpleLit' not found
Refreshing native plugins compatible for Editor in 0.56 ms, found 0 plugins.
Preloading 0 native plugins for Editor in 0.00 ms.
Unloading 2781 Unused Serialized files (Serialized files now loaded: 0)
System memory in use before: 128.4 MB.
System memory in use after: 128.7 MB.

Unloading 25 unused Assets to reduce memory usage. Loaded Objects now: 3490.
Total: 2.021300 ms (FindLiveObjects: 0.261000 ms CreateObjectMapping: 0.119500 ms MarkObjects: 1.623300 ms  DeleteObjects: 0.016800 ms)

========================================================================
Received Import Request.
  Time since last request: 1065.663167 seconds.
  path: Assets/Scenes/Tutorial.unity
  artifactKey: Guid(f2f373307fbd0f644ae50e4cf75d1742) Importer(815301076,1909f56bfc062723c751e8b465ee728b)
Start importing Assets/Scenes/Tutorial.unity using Guid(f2f373307fbd0f644ae50e4cf75d1742) Importer(815301076,1909f56bfc062723c751e8b465ee728b)  -> (artifact id: 'd8fdd4f79153d733af441c8f0edc1e82') in 0.033131 seconds
  Import took 0.037833 seconds .

========================================================================
Received Prepare
Registering precompiled user dll's ...
Registered in 0.001832 seconds.
Begin MonoManager ReloadAssembly
Native extension for WindowsStandalone target not found
Native extension for WebGL target not found
Refreshing native plugins compatible for Editor in 0.49 ms, found 0 plugins.
Preloading 0 native plugins for Editor in 0.00 ms.
Invoked RoslynAnalysisRunner static constructor.
RoslynAnalysisRunner will not be running.
RoslynAnalysisRunner has terminated.
Mono: successfully reloaded assembly
- Completed reload, in  0.805 seconds
Platform modules already initialized, skipping
Shader 'Universal Render Pipeline/Particles/Lit': fallback shader 'Universal Render Pipeline/Particles/SimpleLit' not found
Refreshing native plugins compatible for Editor in 0.58 ms, found 0 plugins.
Preloading 0 native plugins for Editor in 0.00 ms.
Unloading 2781 Unused Serialized files (Serialized files now loaded: 0)
System memory in use before: 128.4 MB.
System memory in use after: 128.7 MB.

Unloading 25 unused Assets to reduce memory usage. Loaded Objects now: 3492.
Total: 2.599700 ms (FindLiveObjects: 0.471800 ms CreateObjectMapping: 0.176500 ms MarkObjects: 1.931800 ms  DeleteObjects: 0.018400 ms)

========================================================================
Received Prepare
Registering precompiled user dll's ...
Registered in 0.001895 seconds.
Begin MonoManager ReloadAssembly
Native extension for WindowsStandalone target not found
Native extension for WebGL target not found
Refreshing native plugins compatible for Editor in 0.56 ms, found 0 plugins.
Preloading 0 native plugins for Editor in 0.00 ms.
Invoked RoslynAnalysisRunner static constructor.
RoslynAnalysisRunner will not be running.
RoslynAnalysisRunner has terminated.
Mono: successfully reloaded assembly
- Completed reload, in  0.925 seconds
Platform modules already initialized, skipping
Shader 'Universal Render Pipeline/Particles/Lit': fallback shader 'Universal Render Pipeline/Particles/SimpleLit' not found
Refreshing native plugins compatible for Editor in 0.56 ms, found 0 plugins.
Preloading 0 native plugins for Editor in 0.00 ms.
Unloading 2781 Unused Serialized files (Serialized files now loaded: 0)
System memory in use before: 128.4 MB.
System memory in use after: 128.7 MB.

Unloading 25 unused Assets to reduce memory usage. Loaded Objects now: 3494.
Total: 2.365000 ms (FindLiveObjects: 0.365900 ms CreateObjectMapping: 0.153300 ms MarkObjects: 1.815500 ms  DeleteObjects: 0.029100 ms)

========================================================================
Received Prepare
Registering precompiled user dll's ...
Registered in 0.001834 seconds.
Begin MonoManager ReloadAssembly
Native extension for WindowsStandalone target not found
Native extension for WebGL target not found
Refreshing native plugins compatible for Editor in 0.55 ms, found 0 plugins.
Preloading 0 native plugins for Editor in 0.00 ms.
Invoked RoslynAnalysisRunner static constructor.
RoslynAnalysisRunner will not be running.
RoslynAnalysisRunner has terminated.
Mono: successfully reloaded assembly
- Completed reload, in  0.826 seconds
Platform modules already initialized, skipping
Shader 'Universal Render Pipeline/Particles/Lit': fallback shader 'Universal Render Pipeline/Particles/SimpleLit' not found
Refreshing native plugins compatible for Editor in 0.79 ms, found 0 plugins.
Preloading 0 native plugins for Editor in 0.00 ms.
Unloading 2781 Unused Serialized files (Serialized files now loaded: 0)
System memory in use before: 128.5 MB.
System memory in use after: 128.7 MB.

Unloading 25 unused Assets to reduce memory usage. Loaded Objects now: 3496.
Total: 2.653300 ms (FindLiveObjects: 0.549600 ms CreateObjectMapping: 0.224600 ms MarkObjects: 1.858600 ms  DeleteObjects: 0.019100 ms)

========================================================================
Received Prepare
Registering precompiled user dll's ...
Registered in 0.001934 seconds.
Begin MonoManager ReloadAssembly
Native extension for WindowsStandalone target not found
Native extension for WebGL target not found
Refreshing native plugins compatible for Editor in 0.67 ms, found 0 plugins.
Preloading 0 native plugins for Editor in 0.00 ms.
Invoked RoslynAnalysisRunner static constructor.
RoslynAnalysisRunner will not be running.
RoslynAnalysisRunner has terminated.
Mono: successfully reloaded assembly
- Completed reload, in  0.835 seconds
Platform modules already initialized, skipping
Shader 'Universal Render Pipeline/Particles/Lit': fallback shader 'Universal Render Pipeline/Particles/SimpleLit' not found
Refreshing native plugins compatible for Editor in 0.59 ms, found 0 plugins.
Preloading 0 native plugins for Editor in 0.00 ms.
Unloading 2781 Unused Serialized files (Serialized files now loaded: 0)
System memory in use before: 128.5 MB.
System memory in use after: 128.7 MB.

Unloading 25 unused Assets to reduce memory usage. Loaded Objects now: 3498.
Total: 2.734600 ms (FindLiveObjects: 0.398100 ms CreateObjectMapping: 0.147400 ms MarkObjects: 2.164400 ms  DeleteObjects: 0.023700 ms)

========================================================================
Received Prepare
Registering precompiled user dll's ...
Registered in 0.001824 seconds.
Begin MonoManager ReloadAssembly
Native extension for WindowsStandalone target not found
Native extension for WebGL target not found
Refreshing native plugins compatible for Editor in 0.51 ms, found 0 plugins.
Preloading 0 native plugins for Editor in 0.00 ms.
Invoked RoslynAnalysisRunner static constructor.
RoslynAnalysisRunner will not be running.
RoslynAnalysisRunner has terminated.
Mono: successfully reloaded assembly
- Completed reload, in  0.820 seconds
Platform modules already initialized, skipping
Shader 'Universal Render Pipeline/Particles/Lit': fallback shader 'Universal Render Pipeline/Particles/SimpleLit' not found
Refreshing native plugins compatible for Editor in 0.64 ms, found 0 plugins.
Preloading 0 native plugins for Editor in 0.00 ms.
Unloading 2781 Unused Serialized files (Serialized files now loaded: 0)
System memory in use before: 128.5 MB.
System memory in use after: 128.7 MB.

Unloading 25 unused Assets to reduce memory usage. Loaded Objects now: 3500.
Total: 2.600900 ms (FindLiveObjects: 0.270600 ms CreateObjectMapping: 0.120300 ms MarkObjects: 2.177800 ms  DeleteObjects: 0.031000 ms)

========================================================================
Received Prepare
Registering precompiled user dll's ...
Registered in 0.002230 seconds.
Begin MonoManager ReloadAssembly
Native extension for WindowsStandalone target not found
Native extension for WebGL target not found
Refreshing native plugins compatible for Editor in 0.67 ms, found 0 plugins.
Preloading 0 native plugins for Editor in 0.00 ms.
Invoked RoslynAnalysisRunner static constructor.
RoslynAnalysisRunner will not be running.
RoslynAnalysisRunner has terminated.
Mono: successfully reloaded assembly
- Completed reload, in  1.010 seconds
Platform modules already initialized, skipping
Shader 'Universal Render Pipeline/Particles/Lit': fallback shader 'Universal Render Pipeline/Particles/SimpleLit' not found
Refreshing native plugins compatible for Editor in 0.88 ms, found 0 plugins.
Preloading 0 native plugins for Editor in 0.00 ms.
Unloading 2781 Unused Serialized files (Serialized files now loaded: 0)
System memory in use before: 128.5 MB.
System memory in use after: 128.7 MB.

Unloading 25 unused Assets to reduce memory usage. Loaded Objects now: 3502.
Total: 2.510100 ms (FindLiveObjects: 0.298800 ms CreateObjectMapping: 0.144200 ms MarkObjects: 2.046000 ms  DeleteObjects: 0.020100 ms)

========================================================================
Received Prepare
Registering precompiled user dll's ...
Registered in 0.001832 seconds.
Begin MonoManager ReloadAssembly
Native extension for WindowsStandalone target not found
Native extension for WebGL target not found
Refreshing native plugins compatible for Editor in 0.54 ms, found 0 plugins.
Preloading 0 native plugins for Editor in 0.00 ms.
Invoked RoslynAnalysisRunner static constructor.
RoslynAnalysisRunner will not be running.
RoslynAnalysisRunner has terminated.
Mono: successfully reloaded assembly
- Completed reload, in  0.813 seconds
Platform modules already initialized, skipping
Shader 'Universal Render Pipeline/Particles/Lit': fallback shader 'Universal Render Pipeline/Particles/SimpleLit' not found
Refreshing native plugins compatible for Editor in 0.60 ms, found 0 plugins.
Preloading 0 native plugins for Editor in 0.00 ms.
Unloading 2781 Unused Serialized files (Serialized files now loaded: 0)
System memory in use before: 128.5 MB.
System memory in use after: 128.7 MB.

Unloading 25 unused Assets to reduce memory usage. Loaded Objects now: 3504.
Total: 2.086700 ms (FindLiveObjects: 0.261000 ms CreateObjectMapping: 0.123100 ms MarkObjects: 1.685500 ms  DeleteObjects: 0.016400 ms)

========================================================================
Received Import Request.
  Time since last request: 381.893072 seconds.
  path: Assets/Plugins
  artifactKey: Guid(71faaf42d7615a24892ae2d20889c7c9) Importer(815301076,1909f56bfc062723c751e8b465ee728b)
Start importing Assets/Plugins using Guid(71faaf42d7615a24892ae2d20889c7c9) Importer(815301076,1909f56bfc062723c751e8b465ee728b)  -> (artifact id: '161e20cb3464537ea19a5f2985357e68') in 0.025913 seconds
  Import took 0.030807 seconds .

========================================================================
Received Import Request.
  Time since last request: 0.461274 seconds.
  path: Assets/Prefabs
  artifactKey: Guid(99034db88aa32b544919617d1bb84f9b) Importer(815301076,1909f56bfc062723c751e8b465ee728b)
Start importing Assets/Prefabs using Guid(99034db88aa32b544919617d1bb84f9b) Importer(815301076,1909f56bfc062723c751e8b465ee728b)  -> (artifact id: '7cc3dcb5853e511863aa1d4074b953a6') in 0.020427 seconds
  Import took 0.024387 seconds .

========================================================================
Received Import Request.
  Time since last request: 0.043587 seconds.
  path: Assets/Prefabs/Granpa.prefab
  artifactKey: Guid(ae216e8f38888a041940bd5ac1226d25) Importer(815301076,1909f56bfc062723c751e8b465ee728b)
Start importing Assets/Prefabs/Granpa.prefab using Guid(ae216e8f38888a041940bd5ac1226d25) Importer(815301076,1909f56bfc062723c751e8b465ee728b) Cannot generate 9 slice most likely because the size is too big. Requires 120000 vertices and 180000 indices
UnityEngine.StackTraceUtility:ExtractStackTrace ()
UnityEngine.Rendering.ScriptableRenderContext:Internal_Cull (UnityEngine.Rendering.ScriptableCullingParameters&,UnityEngine.Rendering.ScriptableRenderContext,intptr)
UnityEngine.Rendering.ScriptableRenderContext:Cull (UnityEngine.Rendering.ScriptableCullingParameters&)
UnityEngine.Rendering.Universal.UniversalRenderPipeline:RenderSingleCamera (UnityEngine.Rendering.ScriptableRenderContext,UnityEngine.Rendering.Universal.CameraData,bool) (at Library/PackageCache/com.unity.render-pipelines.universal@10.2.2/Runtime/UniversalRenderPipeline.cs:367)
UnityEngine.Rendering.Universal.UniversalRenderPipeline:RenderSingleCamera (UnityEngine.Rendering.ScriptableRenderContext,UnityEngine.Camera) (at Library/PackageCache/com.unity.render-pipelines.universal@10.2.2/Runtime/UniversalRenderPipeline.cs:296)
UnityEngine.Rendering.Universal.UniversalRenderPipeline:Render (UnityEngine.Rendering.ScriptableRenderContext,UnityEngine.Camera[]) (at Library/PackageCache/com.unity.render-pipelines.universal@10.2.2/Runtime/UniversalRenderPipeline.cs:251)
UnityEngine.Rendering.RenderPipeline:InternalRender (UnityEngine.Rendering.ScriptableRenderContext,UnityEngine.Camera[])
UnityEngine.Rendering.RenderPipelineManager:DoRenderLoop_Internal (UnityEngine.Rendering.RenderPipelineAsset,intptr,System.Collections.Generic.List`1<UnityEngine.Camera/RenderRequest>,Unity.Collections.LowLevel.Unsafe.AtomicSafetyHandle)
UnityEditor.PreviewRenderUtility:Render (bool,bool)
UnityEditor.GameObjectInspector:DoRenderPreview ()
UnityEditor.GameObjectInspector:RenderStaticPreview (string,UnityEngine.Object[],int,int)
UnityEditor.AssetPreviewUpdater:CreatePreviewForAsset (UnityEngine.Object,UnityEngine.Object[],string)

[Library/PackageCache/com.unity.render-pipelines.universal@10.2.2/Runtime/UniversalRenderPipeline.cs line 367]

 -> (artifact id: '4c6c144287eec988645b08d69a8ee601') in 0.202111 seconds
  Import took 0.206560 seconds .

========================================================================
Received Import Request.
  Time since last request: 0.001156 seconds.
  path: Assets/Prefabs/Granpa.prefab
  artifactKey: Guid(ae216e8f38888a041940bd5ac1226d25) Importer(815301076,1909f56bfc062723c751e8b465ee728b)
Start importing Assets/Prefabs/Granpa.prefab using Guid(ae216e8f38888a041940bd5ac1226d25) Importer(815301076,1909f56bfc062723c751e8b465ee728b) Cannot generate 9 slice most likely because the size is too big. Requires 120000 vertices and 180000 indices
UnityEngine.StackTraceUtility:ExtractStackTrace ()
UnityEngine.Rendering.ScriptableRenderContext:Internal_Cull (UnityEngine.Rendering.ScriptableCullingParameters&,UnityEngine.Rendering.ScriptableRenderContext,intptr)
UnityEngine.Rendering.ScriptableRenderContext:Cull (UnityEngine.Rendering.ScriptableCullingParameters&)
UnityEngine.Rendering.Universal.UniversalRenderPipeline:RenderSingleCamera (UnityEngine.Rendering.ScriptableRenderContext,UnityEngine.Rendering.Universal.CameraData,bool) (at Library/PackageCache/com.unity.render-pipelines.universal@10.2.2/Runtime/UniversalRenderPipeline.cs:367)
UnityEngine.Rendering.Universal.UniversalRenderPipeline:RenderSingleCamera (UnityEngine.Rendering.ScriptableRenderContext,UnityEngine.Camera) (at Library/PackageCache/com.unity.render-pipelines.universal@10.2.2/Runtime/UniversalRenderPipeline.cs:296)
UnityEngine.Rendering.Universal.UniversalRenderPipeline:Render (UnityEngine.Rendering.ScriptableRenderContext,UnityEngine.Camera[]) (at Library/PackageCache/com.unity.render-pipelines.universal@10.2.2/Runtime/UniversalRenderPipeline.cs:251)
UnityEngine.Rendering.RenderPipeline:InternalRender (UnityEngine.Rendering.ScriptableRenderContext,UnityEngine.Camera[])
UnityEngine.Rendering.RenderPipelineManager:DoRenderLoop_Internal (UnityEngine.Rendering.RenderPipelineAsset,intptr,System.Collections.Generic.List`1<UnityEngine.Camera/RenderRequest>,Unity.Collections.LowLevel.Unsafe.AtomicSafetyHandle)
UnityEditor.PreviewRenderUtility:Render (bool,bool)
UnityEditor.GameObjectInspector:DoRenderPreview ()
UnityEditor.GameObjectInspector:RenderStaticPreview (string,UnityEngine.Object[],int,int)
UnityEditor.AssetPreviewUpdater:CreatePreviewForAsset (UnityEngine.Object,UnityEngine.Object[],string)

[Library/PackageCache/com.unity.render-pipelines.universal@10.2.2/Runtime/UniversalRenderPipeline.cs line 367]

 -> (artifact id: '4c6c144287eec988645b08d69a8ee601') in 0.028045 seconds
  Import took 0.032684 seconds .

========================================================================
Received Import Request.
  Time since last request: 1.665938 seconds.
  path: Assets/Prefabs/Necesarry
  artifactKey: Guid(ee5d0f3835cd7264e94c5092503d7040) Importer(815301076,1909f56bfc062723c751e8b465ee728b)
Start importing Assets/Prefabs/Necesarry using Guid(ee5d0f3835cd7264e94c5092503d7040) Importer(815301076,1909f56bfc062723c751e8b465ee728b)  -> (artifact id: '7663ec87631ef0fe760f90708dd65676') in 0.020356 seconds
  Import took 0.024639 seconds .

========================================================================
Received Import Request.
  Time since last request: 2.155489 seconds.
  path: Assets/Prefabs/Levels
  artifactKey: Guid(f1909e32edbbbe74c8391b6c0fc68a74) Importer(815301076,1909f56bfc062723c751e8b465ee728b)
Start importing Assets/Prefabs/Levels using Guid(f1909e32edbbbe74c8391b6c0fc68a74) Importer(815301076,1909f56bfc062723c751e8b465ee728b)  -> (artifact id: 'd6c9f6d36864e79a254b7779225e4551') in 0.020945 seconds
  Import took 0.024883 seconds .

========================================================================
Received Import Request.
  Time since last request: 0.043536 seconds.
  path: Assets/Prefabs/Levels/LVL_test.prefab
  artifactKey: Guid(b78aa0ea2f4d21147be2f1b848f1fa4a) Importer(815301076,1909f56bfc062723c751e8b465ee728b)
Start importing Assets/Prefabs/Levels/LVL_test.prefab using Guid(b78aa0ea2f4d21147be2f1b848f1fa4a) Importer(815301076,1909f56bfc062723c751e8b465ee728b)  -> (artifact id: 'aef211dc11354a1100810a8f94ca6081') in 0.042325 seconds
  Import took 0.048021 seconds .

========================================================================
Received Import Request.
  Time since last request: 1.443046 seconds.
  path: Assets/Prefabs/Necesarry/_Background.prefab
  artifactKey: Guid(675a7583d298a2c4b9ec45d4f6d1ff33) Importer(815301076,1909f56bfc062723c751e8b465ee728b)
Start importing Assets/Prefabs/Necesarry/_Background.prefab using Guid(675a7583d298a2c4b9ec45d4f6d1ff33) Importer(815301076,1909f56bfc062723c751e8b465ee728b)  -> (artifact id: '712fe76caab0a7a87eda3b0b82e23aa7') in 0.028009 seconds
  Import took 0.032059 seconds .

========================================================================
Received Import Request.
  Time since last request: 0.000144 seconds.
  path: Assets/Prefabs/Necesarry/_InstanceHolder.prefab
  artifactKey: Guid(3ce2b7ceb306fd34995ab893491fd37b) Importer(815301076,1909f56bfc062723c751e8b465ee728b)
Start importing Assets/Prefabs/Necesarry/_InstanceHolder.prefab using Guid(3ce2b7ceb306fd34995ab893491fd37b) Importer(815301076,1909f56bfc062723c751e8b465ee728b)  -> (artifact id: '0092c2e1221af0f6c16bb78c298ff212') in 0.022773 seconds
  Import took 0.026456 seconds .

========================================================================
Received Import Request.
  Time since last request: 0.000195 seconds.
  path: Assets/Prefabs/Necesarry/_Canvas.prefab
  artifactKey: Guid(77f7642e4d3f77640b7718cc0a336c60) Importer(815301076,1909f56bfc062723c751e8b465ee728b)
Start importing Assets/Prefabs/Necesarry/_Canvas.prefab using Guid(77f7642e4d3f77640b7718cc0a336c60) Importer(815301076,1909f56bfc062723c751e8b465ee728b)  -> (artifact id: '08b9cadc0306e238c84d0e1c0c8e37ba') in 0.081356 seconds
  Import took 0.085478 seconds .

========================================================================
Received Import Request.
  Time since last request: 1.613293 seconds.
  path: Assets/Prefabs/Elements
  artifactKey: Guid(cf4511c7e7478e84b92ad1567d7186d7) Importer(815301076,1909f56bfc062723c751e8b465ee728b)
Start importing Assets/Prefabs/Elements using Guid(cf4511c7e7478e84b92ad1567d7186d7) Importer(815301076,1909f56bfc062723c751e8b465ee728b)  -> (artifact id: 'debc5fe8301a808102f0467c042cda6a') in 0.020904 seconds
  Import took 0.024843 seconds .

========================================================================
Received Import Request.
  Time since last request: 0.019062 seconds.
  path: Assets/Prefabs/Elements/Bomb.prefab
  artifactKey: Guid(4cd17d75cd65e6a478946f637619d23c) Importer(815301076,1909f56bfc062723c751e8b465ee728b)
Start importing Assets/Prefabs/Elements/Bomb.prefab using Guid(4cd17d75cd65e6a478946f637619d23c) Importer(815301076,1909f56bfc062723c751e8b465ee728b)  -> (artifact id: 'ccd9ee7b271ed323d0b59f3c87956986') in 0.011133 seconds
  Import took 0.015470 seconds .

========================================================================
Received Import Request.
  Time since last request: 0.000175 seconds.
  path: Assets/Prefabs/Elements/Shelf.prefab
  artifactKey: Guid(5566d78886f12074d9be3967be68f195) Importer(815301076,1909f56bfc062723c751e8b465ee728b)
Start importing Assets/Prefabs/Elements/Shelf.prefab using Guid(5566d78886f12074d9be3967be68f195) Importer(815301076,1909f56bfc062723c751e8b465ee728b)  -> (artifact id: '2527c64ee567d1ee5514d866347ac77b') in 0.029552 seconds
  Import took 0.033786 seconds .

========================================================================
Received Import Request.
  Time since last request: 0.000283 seconds.
  path: Assets/Prefabs/Elements/Solid.prefab
  artifactKey: Guid(786d8c9085a431c4cb6cc9f5c2affff3) Importer(815301076,1909f56bfc062723c751e8b465ee728b)
Start importing Assets/Prefabs/Elements/Solid.prefab using Guid(786d8c9085a431c4cb6cc9f5c2affff3) Importer(815301076,1909f56bfc062723c751e8b465ee728b)  -> (artifact id: '7eccf25ae3f107acd363ec8e37226c3d') in 0.031858 seconds
  Import took 0.037168 seconds .

========================================================================
Received Import Request.
  Time since last request: 0.000186 seconds.
  path: Assets/Prefabs/Elements/Goblin.prefab
  artifactKey: Guid(4d01e1893cfa3e646b312fe5d94bee18) Importer(815301076,1909f56bfc062723c751e8b465ee728b)
Start importing Assets/Prefabs/Elements/Goblin.prefab using Guid(4d01e1893cfa3e646b312fe5d94bee18) Importer(815301076,1909f56bfc062723c751e8b465ee728b)  -> (artifact id: 'abd89d56d222edc4ff36a7f4c2a52998') in 0.043697 seconds
  Import took 0.048035 seconds .

========================================================================
Received Import Request.
  Time since last request: 0.000212 seconds.
  path: Assets/Prefabs/Elements/GoblinDestroyed.prefab
  artifactKey: Guid(ae72ea299b7729c4babbbb6716fa17e1) Importer(815301076,1909f56bfc062723c751e8b465ee728b)
Start importing Assets/Prefabs/Elements/GoblinDestroyed.prefab using Guid(ae72ea299b7729c4babbbb6716fa17e1) Importer(815301076,1909f56bfc062723c751e8b465ee728b)  -> (artifact id: '31b845f209574d534a7871d61f80719a') in 0.027355 seconds
  Import took 0.031550 seconds .

========================================================================
Received Import Request.
  Time since last request: 0.000176 seconds.
  path: Assets/Prefabs/Elements/BombExploding.prefab
  artifactKey: Guid(2a2c4f0de59d25d4aa52f2e69d1a8c1c) Importer(815301076,1909f56bfc062723c751e8b465ee728b)
Start importing Assets/Prefabs/Elements/BombExploding.prefab using Guid(2a2c4f0de59d25d4aa52f2e69d1a8c1c) Importer(815301076,1909f56bfc062723c751e8b465ee728b)  -> (artifact id: 'fb2a8da7fdcdd64600394f9db67bf52d') in 0.028525 seconds
  Import took 0.033992 seconds .

========================================================================
Received Import Request.
  Time since last request: 0.000168 seconds.
  path: Assets/Prefabs/Elements/ShelfDestroyed.prefab
  artifactKey: Guid(4dc39266b0bdaf64e83c2d9269182ea7) Importer(815301076,1909f56bfc062723c751e8b465ee728b)
Start importing Assets/Prefabs/Elements/ShelfDestroyed.prefab using Guid(4dc39266b0bdaf64e83c2d9269182ea7) Importer(815301076,1909f56bfc062723c751e8b465ee728b)  -> (artifact id: '4c898e51f7195dc5048706d8a7fb91f8') in 0.026344 seconds
  Import took 0.030418 seconds .

========================================================================
Received Import Request.
  Time since last request: 0.000149 seconds.
  path: Assets/Prefabs/Elements/BombExploding.prefab
  artifactKey: Guid(2a2c4f0de59d25d4aa52f2e69d1a8c1c) Importer(815301076,1909f56bfc062723c751e8b465ee728b)
Start importing Assets/Prefabs/Elements/BombExploding.prefab using Guid(2a2c4f0de59d25d4aa52f2e69d1a8c1c) Importer(815301076,1909f56bfc062723c751e8b465ee728b)  -> (artifact id: 'fb2a8da7fdcdd64600394f9db67bf52d') in 0.026924 seconds
  Import took 0.030976 seconds .

========================================================================
Received Prepare
Registering precompiled user dll's ...
Registered in 0.001875 seconds.
Begin MonoManager ReloadAssembly
Native extension for WindowsStandalone target not found
Native extension for WebGL target not found
Refreshing native plugins compatible for Editor in 0.55 ms, found 0 plugins.
Preloading 0 native plugins for Editor in 0.00 ms.
Invoked RoslynAnalysisRunner static constructor.
RoslynAnalysisRunner will not be running.
RoslynAnalysisRunner has terminated.
Mono: successfully reloaded assembly
- Completed reload, in  0.846 seconds
Platform modules already initialized, skipping
Shader 'Universal Render Pipeline/Particles/Lit': fallback shader 'Universal Render Pipeline/Particles/SimpleLit' not found
Refreshing native plugins compatible for Editor in 0.56 ms, found 0 plugins.
Preloading 0 native plugins for Editor in 0.00 ms.
Unloading 2781 Unused Serialized files (Serialized files now loaded: 0)
System memory in use before: 129.2 MB.
System memory in use after: 129.5 MB.

Unloading 27 unused Assets to reduce memory usage. Loaded Objects now: 3542.
Total: 2.084600 ms (FindLiveObjects: 0.274500 ms CreateObjectMapping: 0.114600 ms MarkObjects: 1.649400 ms  DeleteObjects: 0.045100 ms)

========================================================================
Received Prepare
Registering precompiled user dll's ...
Registered in 0.002185 seconds.
Begin MonoManager ReloadAssembly
Native extension for WindowsStandalone target not found
Native extension for WebGL target not found
Refreshing native plugins compatible for Editor in 0.55 ms, found 0 plugins.
Preloading 0 native plugins for Editor in 0.00 ms.
Invoked RoslynAnalysisRunner static constructor.
RoslynAnalysisRunner will not be running.
RoslynAnalysisRunner has terminated.
Mono: successfully reloaded assembly
- Completed reload, in  0.806 seconds
Platform modules already initialized, skipping
Shader 'Universal Render Pipeline/Particles/Lit': fallback shader 'Universal Render Pipeline/Particles/SimpleLit' not found
Refreshing native plugins compatible for Editor in 0.55 ms, found 0 plugins.
Preloading 0 native plugins for Editor in 0.00 ms.
Unloading 2781 Unused Serialized files (Serialized files now loaded: 0)
System memory in use before: 129.2 MB.
System memory in use after: 129.5 MB.

Unloading 25 unused Assets to reduce memory usage. Loaded Objects now: 3544.
Total: 2.796400 ms (FindLiveObjects: 0.303600 ms CreateObjectMapping: 0.139800 ms MarkObjects: 2.331400 ms  DeleteObjects: 0.020500 ms)

========================================================================
Received Prepare
Registering precompiled user dll's ...
Registered in 0.001921 seconds.
Begin MonoManager ReloadAssembly
Native extension for WindowsStandalone target not found
Native extension for WebGL target not found
Refreshing native plugins compatible for Editor in 0.54 ms, found 0 plugins.
Preloading 0 native plugins for Editor in 0.00 ms.
Invoked RoslynAnalysisRunner static constructor.
RoslynAnalysisRunner will not be running.
RoslynAnalysisRunner has terminated.
Mono: successfully reloaded assembly
- Completed reload, in  0.885 seconds
Platform modules already initialized, skipping
Shader 'Universal Render Pipeline/Particles/Lit': fallback shader 'Universal Render Pipeline/Particles/SimpleLit' not found
Refreshing native plugins compatible for Editor in 0.71 ms, found 0 plugins.
Preloading 0 native plugins for Editor in 0.00 ms.
Unloading 2781 Unused Serialized files (Serialized files now loaded: 0)
System memory in use before: 129.2 MB.
System memory in use after: 129.5 MB.

Unloading 25 unused Assets to reduce memory usage. Loaded Objects now: 3546.
Total: 3.864600 ms (FindLiveObjects: 0.397300 ms CreateObjectMapping: 0.150200 ms MarkObjects: 3.283600 ms  DeleteObjects: 0.031900 ms)

========================================================================
Received Prepare
Registering precompiled user dll's ...
Registered in 0.002933 seconds.
Begin MonoManager ReloadAssembly
Native extension for WindowsStandalone target not found
Native extension for WebGL target not found
Refreshing native plugins compatible for Editor in 0.56 ms, found 0 plugins.
Preloading 0 native plugins for Editor in 0.00 ms.
Invoked RoslynAnalysisRunner static constructor.
RoslynAnalysisRunner will not be running.
RoslynAnalysisRunner has terminated.
Mono: successfully reloaded assembly
- Completed reload, in  0.935 seconds
Platform modules already initialized, skipping
Shader 'Universal Render Pipeline/Particles/Lit': fallback shader 'Universal Render Pipeline/Particles/SimpleLit' not found
Refreshing native plugins compatible for Editor in 0.55 ms, found 0 plugins.
Preloading 0 native plugins for Editor in 0.00 ms.
Unloading 2781 Unused Serialized files (Serialized files now loaded: 0)
System memory in use before: 129.2 MB.
System memory in use after: 129.5 MB.

Unloading 25 unused Assets to reduce memory usage. Loaded Objects now: 3548.
Total: 2.848900 ms (FindLiveObjects: 0.644100 ms CreateObjectMapping: 0.162800 ms MarkObjects: 2.019400 ms  DeleteObjects: 0.021600 ms)

========================================================================
Received Prepare
Registering precompiled user dll's ...
Registered in 0.001939 seconds.
Begin MonoManager ReloadAssembly
Native extension for WindowsStandalone target not found
Native extension for WebGL target not found
Refreshing native plugins compatible for Editor in 0.56 ms, found 0 plugins.
Preloading 0 native plugins for Editor in 0.00 ms.
Invoked RoslynAnalysisRunner static constructor.
RoslynAnalysisRunner will not be running.
RoslynAnalysisRunner has terminated.
Mono: successfully reloaded assembly
- Completed reload, in  0.826 seconds
Platform modules already initialized, skipping
Shader 'Universal Render Pipeline/Particles/Lit': fallback shader 'Universal Render Pipeline/Particles/SimpleLit' not found
Refreshing native plugins compatible for Editor in 0.54 ms, found 0 plugins.
Preloading 0 native plugins for Editor in 0.00 ms.
Unloading 2781 Unused Serialized files (Serialized files now loaded: 0)
System memory in use before: 129.3 MB.
System memory in use after: 129.5 MB.

Unloading 25 unused Assets to reduce memory usage. Loaded Objects now: 3550.
Total: 2.468300 ms (FindLiveObjects: 0.361400 ms CreateObjectMapping: 0.160600 ms MarkObjects: 1.921900 ms  DeleteObjects: 0.023300 ms)

========================================================================
Received Prepare
Registering precompiled user dll's ...
Registered in 0.001897 seconds.
Begin MonoManager ReloadAssembly
Native extension for WindowsStandalone target not found
Native extension for WebGL target not found
Refreshing native plugins compatible for Editor in 0.53 ms, found 0 plugins.
Preloading 0 native plugins for Editor in 0.00 ms.
Invoked RoslynAnalysisRunner static constructor.
RoslynAnalysisRunner will not be running.
RoslynAnalysisRunner has terminated.
Mono: successfully reloaded assembly
- Completed reload, in  0.831 seconds
Platform modules already initialized, skipping
Shader 'Universal Render Pipeline/Particles/Lit': fallback shader 'Universal Render Pipeline/Particles/SimpleLit' not found
Refreshing native plugins compatible for Editor in 0.54 ms, found 0 plugins.
Preloading 0 native plugins for Editor in 0.00 ms.
Unloading 2781 Unused Serialized files (Serialized files now loaded: 0)
System memory in use before: 129.3 MB.
System memory in use after: 129.5 MB.

Unloading 25 unused Assets to reduce memory usage. Loaded Objects now: 3552.
Total: 2.687600 ms (FindLiveObjects: 0.478000 ms CreateObjectMapping: 0.173700 ms MarkObjects: 2.015200 ms  DeleteObjects: 0.019100 ms)

========================================================================
Received Prepare
Registering precompiled user dll's ...
Registered in 0.002200 seconds.
Begin MonoManager ReloadAssembly
Native extension for WindowsStandalone target not found
Native extension for WebGL target not found
Refreshing native plugins compatible for Editor in 0.83 ms, found 0 plugins.
Preloading 0 native plugins for Editor in 0.00 ms.
Invoked RoslynAnalysisRunner static constructor.
RoslynAnalysisRunner will not be running.
RoslynAnalysisRunner has terminated.
Mono: successfully reloaded assembly
- Completed reload, in  0.829 seconds
Platform modules already initialized, skipping
Shader 'Universal Render Pipeline/Particles/Lit': fallback shader 'Universal Render Pipeline/Particles/SimpleLit' not found
Refreshing native plugins compatible for Editor in 0.54 ms, found 0 plugins.
Preloading 0 native plugins for Editor in 0.00 ms.
Unloading 2781 Unused Serialized files (Serialized files now loaded: 0)
System memory in use before: 129.3 MB.
System memory in use after: 129.5 MB.

Unloading 25 unused Assets to reduce memory usage. Loaded Objects now: 3554.
Total: 3.147700 ms (FindLiveObjects: 0.568000 ms CreateObjectMapping: 0.172900 ms MarkObjects: 2.382700 ms  DeleteObjects: 0.022900 ms)

========================================================================
Received Prepare
Registering precompiled user dll's ...
Registered in 0.002170 seconds.
Begin MonoManager ReloadAssembly
Native extension for WindowsStandalone target not found
Native extension for WebGL target not found
Refreshing native plugins compatible for Editor in 0.56 ms, found 0 plugins.
Preloading 0 native plugins for Editor in 0.00 ms.
Invoked RoslynAnalysisRunner static constructor.
RoslynAnalysisRunner will not be running.
RoslynAnalysisRunner has terminated.
Mono: successfully reloaded assembly
- Completed reload, in  0.932 seconds
Platform modules already initialized, skipping
Shader 'Universal Render Pipeline/Particles/Lit': fallback shader 'Universal Render Pipeline/Particles/SimpleLit' not found
Refreshing native plugins compatible for Editor in 0.68 ms, found 0 plugins.
Preloading 0 native plugins for Editor in 0.00 ms.
Unloading 2781 Unused Serialized files (Serialized files now loaded: 0)
System memory in use before: 129.3 MB.
System memory in use after: 129.5 MB.

Unloading 25 unused Assets to reduce memory usage. Loaded Objects now: 3556.
Total: 3.183900 ms (FindLiveObjects: 0.651700 ms CreateObjectMapping: 0.255200 ms MarkObjects: 2.254500 ms  DeleteObjects: 0.020800 ms)

========================================================================
Received Prepare
Registering precompiled user dll's ...
Registered in 0.001952 seconds.
Begin MonoManager ReloadAssembly
Native extension for WindowsStandalone target not found
Native extension for WebGL target not found
Refreshing native plugins compatible for Editor in 0.55 ms, found 0 plugins.
Preloading 0 native plugins for Editor in 0.00 ms.
Invoked RoslynAnalysisRunner static constructor.
RoslynAnalysisRunner will not be running.
RoslynAnalysisRunner has terminated.
Mono: successfully reloaded assembly
- Completed reload, in  0.846 seconds
Platform modules already initialized, skipping
Shader 'Universal Render Pipeline/Particles/Lit': fallback shader 'Universal Render Pipeline/Particles/SimpleLit' not found
Refreshing native plugins compatible for Editor in 0.54 ms, found 0 plugins.
Preloading 0 native plugins for Editor in 0.00 ms.
Unloading 2781 Unused Serialized files (Serialized files now loaded: 0)
System memory in use before: 129.3 MB.
System memory in use after: 129.5 MB.

Unloading 25 unused Assets to reduce memory usage. Loaded Objects now: 3558.
Total: 2.509300 ms (FindLiveObjects: 0.296000 ms CreateObjectMapping: 0.138700 ms MarkObjects: 2.054200 ms  DeleteObjects: 0.019500 ms)

========================================================================
Received Prepare
Registering precompiled user dll's ...
Registered in 0.001873 seconds.
Begin MonoManager ReloadAssembly
Native extension for WindowsStandalone target not found
Native extension for WebGL target not found
Refreshing native plugins compatible for Editor in 0.55 ms, found 0 plugins.
Preloading 0 native plugins for Editor in 0.00 ms.
Invoked RoslynAnalysisRunner static constructor.
RoslynAnalysisRunner will not be running.
RoslynAnalysisRunner has terminated.
Mono: successfully reloaded assembly
- Completed reload, in  0.856 seconds
Platform modules already initialized, skipping
Shader 'Universal Render Pipeline/Particles/Lit': fallback shader 'Universal Render Pipeline/Particles/SimpleLit' not found
Refreshing native plugins compatible for Editor in 0.57 ms, found 0 plugins.
Preloading 0 native plugins for Editor in 0.00 ms.
Unloading 2781 Unused Serialized files (Serialized files now loaded: 0)
System memory in use before: 129.3 MB.
System memory in use after: 129.5 MB.

Unloading 25 unused Assets to reduce memory usage. Loaded Objects now: 3560.
Total: 2.395400 ms (FindLiveObjects: 0.266500 ms CreateObjectMapping: 0.110100 ms MarkObjects: 2.001400 ms  DeleteObjects: 0.016500 ms)

========================================================================
Received Prepare
Registering precompiled user dll's ...
Registered in 0.001855 seconds.
Begin MonoManager ReloadAssembly
Native extension for WindowsStandalone target not found
Native extension for WebGL target not found
Refreshing native plugins compatible for Editor in 0.85 ms, found 0 plugins.
Preloading 0 native plugins for Editor in 0.00 ms.
Invoked RoslynAnalysisRunner static constructor.
RoslynAnalysisRunner will not be running.
RoslynAnalysisRunner has terminated.
Mono: successfully reloaded assembly
- Completed reload, in  0.878 seconds
Platform modules already initialized, skipping
Shader 'Universal Render Pipeline/Particles/Lit': fallback shader 'Universal Render Pipeline/Particles/SimpleLit' not found
Refreshing native plugins compatible for Editor in 0.58 ms, found 0 plugins.
Preloading 0 native plugins for Editor in 0.00 ms.
Unloading 2781 Unused Serialized files (Serialized files now loaded: 0)
System memory in use before: 129.3 MB.
System memory in use after: 129.5 MB.

Unloading 25 unused Assets to reduce memory usage. Loaded Objects now: 3562.
Total: 4.595700 ms (FindLiveObjects: 0.926300 ms CreateObjectMapping: 0.340700 ms MarkObjects: 3.294200 ms  DeleteObjects: 0.032900 ms)

========================================================================
Received Prepare
Registering precompiled user dll's ...
Registered in 0.001834 seconds.
Begin MonoManager ReloadAssembly
Native extension for WindowsStandalone target not found
Native extension for WebGL target not found
Refreshing native plugins compatible for Editor in 0.56 ms, found 0 plugins.
Preloading 0 native plugins for Editor in 0.00 ms.
Invoked RoslynAnalysisRunner static constructor.
RoslynAnalysisRunner will not be running.
RoslynAnalysisRunner has terminated.
Mono: successfully reloaded assembly
- Completed reload, in  0.836 seconds
Platform modules already initialized, skipping
Shader 'Universal Render Pipeline/Particles/Lit': fallback shader 'Universal Render Pipeline/Particles/SimpleLit' not found
Refreshing native plugins compatible for Editor in 0.54 ms, found 0 plugins.
Preloading 0 native plugins for Editor in 0.00 ms.
Unloading 2781 Unused Serialized files (Serialized files now loaded: 0)
System memory in use before: 129.3 MB.
System memory in use after: 129.5 MB.

Unloading 25 unused Assets to reduce memory usage. Loaded Objects now: 3564.
Total: 2.633000 ms (FindLiveObjects: 0.274000 ms CreateObjectMapping: 0.134400 ms MarkObjects: 2.202900 ms  DeleteObjects: 0.020800 ms)

========================================================================
Received Prepare
Registering precompiled user dll's ...
Registered in 0.001918 seconds.
Begin MonoManager ReloadAssembly
Native extension for WindowsStandalone target not found
Native extension for WebGL target not found
Refreshing native plugins compatible for Editor in 0.53 ms, found 0 plugins.
Preloading 0 native plugins for Editor in 0.00 ms.
Invoked RoslynAnalysisRunner static constructor.
RoslynAnalysisRunner will not be running.
RoslynAnalysisRunner has terminated.
Mono: successfully reloaded assembly
- Completed reload, in  0.847 seconds
Platform modules already initialized, skipping
Shader 'Universal Render Pipeline/Particles/Lit': fallback shader 'Universal Render Pipeline/Particles/SimpleLit' not found
Refreshing native plugins compatible for Editor in 0.55 ms, found 0 plugins.
Preloading 0 native plugins for Editor in 0.00 ms.
Unloading 2781 Unused Serialized files (Serialized files now loaded: 0)
System memory in use before: 129.3 MB.
System memory in use after: 129.5 MB.

Unloading 25 unused Assets to reduce memory usage. Loaded Objects now: 3566.
Total: 2.664400 ms (FindLiveObjects: 0.327700 ms CreateObjectMapping: 0.125000 ms MarkObjects: 2.187000 ms  DeleteObjects: 0.023500 ms)

========================================================================
Received Prepare
Registering precompiled user dll's ...
Registered in 0.002198 seconds.
Begin MonoManager ReloadAssembly
Native extension for WindowsStandalone target not found
Native extension for WebGL target not found
Refreshing native plugins compatible for Editor in 0.77 ms, found 0 plugins.
Preloading 0 native plugins for Editor in 0.00 ms.
Invoked RoslynAnalysisRunner static constructor.
RoslynAnalysisRunner will not be running.
RoslynAnalysisRunner has terminated.
Mono: successfully reloaded assembly
- Completed reload, in  0.950 seconds
Platform modules already initialized, skipping
Shader 'Universal Render Pipeline/Particles/Lit': fallback shader 'Universal Render Pipeline/Particles/SimpleLit' not found
Refreshing native plugins compatible for Editor in 0.57 ms, found 0 plugins.
Preloading 0 native plugins for Editor in 0.00 ms.
Unloading 2781 Unused Serialized files (Serialized files now loaded: 0)
System memory in use before: 129.3 MB.
System memory in use after: 129.5 MB.

Unloading 25 unused Assets to reduce memory usage. Loaded Objects now: 3568.
Total: 2.708600 ms (FindLiveObjects: 0.316600 ms CreateObjectMapping: 0.151600 ms MarkObjects: 2.216000 ms  DeleteObjects: 0.023100 ms)

========================================================================
Received Prepare
Registering precompiled user dll's ...
Registered in 0.001870 seconds.
Begin MonoManager ReloadAssembly
Native extension for WindowsStandalone target not found
Native extension for WebGL target not found
Refreshing native plugins compatible for Editor in 0.77 ms, found 0 plugins.
Preloading 0 native plugins for Editor in 0.00 ms.
Invoked RoslynAnalysisRunner static constructor.
RoslynAnalysisRunner will not be running.
RoslynAnalysisRunner has terminated.
Mono: successfully reloaded assembly
- Completed reload, in  0.863 seconds
Platform modules already initialized, skipping
Shader 'Universal Render Pipeline/Particles/Lit': fallback shader 'Universal Render Pipeline/Particles/SimpleLit' not found
Refreshing native plugins compatible for Editor in 0.54 ms, found 0 plugins.
Preloading 0 native plugins for Editor in 0.00 ms.
Unloading 2781 Unused Serialized files (Serialized files now loaded: 0)
System memory in use before: 129.3 MB.
System memory in use after: 129.5 MB.

Unloading 25 unused Assets to reduce memory usage. Loaded Objects now: 3570.
Total: 2.673400 ms (FindLiveObjects: 0.420800 ms CreateObjectMapping: 0.162800 ms MarkObjects: 2.068900 ms  DeleteObjects: 0.019600 ms)

========================================================================
Received Prepare
Registering precompiled user dll's ...
Registered in 0.001883 seconds.
Begin MonoManager ReloadAssembly
Native extension for WindowsStandalone target not found
Native extension for WebGL target not found
Refreshing native plugins compatible for Editor in 0.54 ms, found 0 plugins.
Preloading 0 native plugins for Editor in 0.00 ms.
Invoked RoslynAnalysisRunner static constructor.
RoslynAnalysisRunner will not be running.
RoslynAnalysisRunner has terminated.
Mono: successfully reloaded assembly
- Completed reload, in  0.831 seconds
Platform modules already initialized, skipping
Shader 'Universal Render Pipeline/Particles/Lit': fallback shader 'Universal Render Pipeline/Particles/SimpleLit' not found
Refreshing native plugins compatible for Editor in 0.63 ms, found 0 plugins.
Preloading 0 native plugins for Editor in 0.00 ms.
Unloading 2781 Unused Serialized files (Serialized files now loaded: 0)
System memory in use before: 129.3 MB.
System memory in use after: 129.5 MB.

Unloading 25 unused Assets to reduce memory usage. Loaded Objects now: 3572.
Total: 2.515700 ms (FindLiveObjects: 0.259100 ms CreateObjectMapping: 0.123300 ms MarkObjects: 2.114500 ms  DeleteObjects: 0.018000 ms)

